0 verbose cli C:\Program Files\nodejs\node.exe C:\Program Files\nodejs\node_modules\npm\bin\npm-cli.js
1 info using npm@11.9.0
2 info using node@v24.14.0
3 silly config load:file:C:\Program Files\nodejs\node_modules\npm\npmrc
4 silly config load:file:C:\Users\wang\esponal\.npmrc
5 silly config load:file:C:\Users\wang\.npmrc
6 silly config load:file:C:\Program Files\nodejs\node_global\etc\npmrc
7 verbose title npm install @playwright/test
8 verbose argv "install" "--save-dev" "@playwright/test" "--cache" "C:Userswangesponal.npm-cache"
9 verbose logfile logs-max:10 dir:C:\Users\wang\esponal\Userswangesponal.npm-cache\_logs\2026-05-16T15_32_46_427Z-
10 verbose logfile C:\Users\wang\esponal\Userswangesponal.npm-cache\_logs\2026-05-16T15_32_46_427Z-debug-0.log
11 silly logfile done cleaning log files
12 silly packumentCache heap:4496293888 maxSize:1124073472 maxEntrySize:562036736
13 silly idealTree buildDeps
14 silly fetch manifest @playwright/test@*
15 silly packumentCache full:https://registry.npmmirror.com/@playwright%2ftest cache-miss
16 http fetch GET 200 https://registry.npmmirror.com/npm 228ms
17 http fetch GET 200 https://registry.npmmirror.com/@playwright%2ftest 218ms (cache miss)
18 silly packumentCache full:https://registry.npmmirror.com/@playwright%2ftest set size:1711916 disposed:false
19 silly placeDep ROOT @playwright/test@1.60.0 OK for: espanol-learning-platform@0.1.0 want: *
20 silly fetch manifest playwright@1.60.0
21 silly packumentCache full:https://registry.npmmirror.com/playwright cache-miss
22 http fetch GET 200 https://registry.npmmirror.com/playwright 206ms (cache miss)
23 silly packumentCache full:https://registry.npmmirror.com/playwright set size:2249149 disposed:false
24 silly placeDep ROOT playwright@1.60.0 OK for: @playwright/test@1.60.0 want: 1.60.0
25 silly fetch manifest playwright-core@1.60.0
26 silly packumentCache full:https://registry.npmmirror.com/playwright-core cache-miss
27 silly fetch manifest fsevents@2.3.2
28 silly packumentCache full:https://registry.npmmirror.com/fsevents cache-miss
29 http fetch GET 200 https://registry.npmmirror.com/fsevents 18ms (cache miss)
30 silly packumentCache full:https://registry.npmmirror.com/fsevents set size:16344 disposed:false
31 http fetch GET 200 https://registry.npmmirror.com/playwright-core 209ms (cache miss)
32 silly packumentCache full:https://registry.npmmirror.com/playwright-core set size:2293228 disposed:false
33 silly placeDep node_modules/playwright fsevents@2.3.2 OK for: playwright@1.60.0 want: 2.3.2
34 silly placeDep ROOT playwright-core@1.60.0 OK for: playwright@1.60.0 want: 1.60.0
35 silly reify moves {}
36 silly audit bulk request {
36 silly audit   '@alloc/quick-lru': [ '5.2.0' ],
36 silly audit   '@babel/code-frame': [ '7.29.0' ],
36 silly audit   '@babel/compat-data': [ '7.29.3' ],
36 silly audit   '@babel/core': [ '7.29.0' ],
36 silly audit   json5: [ '2.2.3', '1.0.2' ],
36 silly audit   semver: [ '6.3.1', '7.8.0' ],
36 silly audit   '@babel/generator': [ '7.29.1' ],
36 silly audit   '@babel/helper-compilation-targets': [ '7.28.6' ],
36 silly audit   'lru-cache': [ '5.1.1', '11.3.6', '6.0.0', '10.4.3' ],
36 silly audit   yallist: [ '3.1.1', '4.0.0' ],
36 silly audit   '@babel/helper-globals': [ '7.28.0' ],
36 silly audit   '@babel/helper-module-imports': [ '7.28.6' ],
36 silly audit   '@babel/helper-module-transforms': [ '7.28.6' ],
36 silly audit   '@babel/helper-string-parser': [ '7.27.1' ],
36 silly audit   '@babel/helper-validator-identifier': [ '7.28.5' ],
36 silly audit   '@babel/helper-validator-option': [ '7.27.1' ],
36 silly audit   '@babel/helpers': [ '7.29.2' ],
36 silly audit   '@babel/parser': [ '7.29.3' ],
36 silly audit   '@babel/runtime': [ '7.29.2' ],
36 silly audit   '@babel/template': [ '7.28.6' ],
36 silly audit   '@babel/traverse': [ '7.29.0' ],
36 silly audit   '@babel/types': [ '7.29.0' ],
36 silly audit   '@emnapi/core': [ '1.10.0' ],
36 silly audit   '@emnapi/runtime': [ '1.10.0' ],
36 silly audit   '@emnapi/wasi-threads': [ '1.2.1' ],
36 silly audit   '@eslint-community/eslint-utils': [ '4.9.1' ],
36 silly audit   '@eslint-community/regexpp': [ '4.12.2' ],
36 silly audit   '@eslint/eslintrc': [ '2.1.4' ],
36 silly audit   '@eslint/js': [ '8.57.1' ],
36 silly audit   '@fastify/otel': [ '0.18.0' ],
36 silly audit   '@opentelemetry/api-logs': [ '0.212.0', '0.214.0', '0.207.0' ],
36 silly audit   '@opentelemetry/instrumentation': [ '0.212.0', '0.214.0', '0.207.0' ],
36 silly audit   'balanced-match': [ '4.0.4', '1.0.2' ],
36 silly audit   'brace-expansion': [ '5.0.6', '1.1.14', '2.1.0' ],
36 silly audit   'import-in-the-middle': [ '2.0.6', '3.0.1' ],
36 silly audit   minimatch: [ '10.2.5', '9.0.9', '3.1.5' ],
36 silly audit   '@humanwhocodes/config-array': [ '0.13.0' ],
36 silly audit   '@humanwhocodes/module-importer': [ '1.0.1' ],
36 silly audit   '@humanwhocodes/object-schema': [ '2.0.3' ],
36 silly audit   '@ioredis/commands': [ '1.5.1' ],
36 silly audit   '@isaacs/cliui': [ '8.0.2' ],
36 silly audit   'ansi-regex': [ '6.2.2', '5.0.1' ],
36 silly audit   'strip-ansi': [ '7.2.0', '6.0.1' ],
36 silly audit   '@jridgewell/gen-mapping': [ '0.3.13' ],
36 silly audit   '@jridgewell/remapping': [ '2.3.5' ],
36 silly audit   '@jridgewell/resolve-uri': [ '3.1.2' ],
36 silly audit   '@jridgewell/source-map': [ '0.3.11' ],
36 silly audit   '@jridgewell/sourcemap-codec': [ '1.5.5' ],
36 silly audit   '@jridgewell/trace-mapping': [ '0.3.31' ],
36 silly audit   '@napi-rs/wasm-runtime': [ '0.2.12' ],
36 silly audit   '@next-auth/prisma-adapter': [ '1.0.7' ],
36 silly audit   '@next/env': [ '14.2.18' ],
36 silly audit   '@next/eslint-plugin-next': [ '14.2.18' ],
36 silly audit   '@next/swc-darwin-arm64': [ '14.2.18' ],
36 silly audit   '@next/swc-darwin-x64': [ '14.2.18' ],
36 silly audit   '@next/swc-linux-arm64-gnu': [ '14.2.18' ],
36 silly audit   '@next/swc-linux-arm64-musl': [ '14.2.18' ],
36 silly audit   '@next/swc-linux-x64-gnu': [ '14.2.18' ],
36 silly audit   '@next/swc-linux-x64-musl': [ '14.2.18' ],
36 silly audit   '@next/swc-win32-arm64-msvc': [ '14.2.18' ],
36 silly audit   '@next/swc-win32-ia32-msvc': [ '14.2.18' ],
36 silly audit   '@next/swc-win32-x64-msvc': [ '14.2.18' ],
36 silly audit   '@nodelib/fs.scandir': [ '2.1.5' ],
36 silly audit   '@nodelib/fs.stat': [ '2.0.5' ],
36 silly audit   '@nodelib/fs.walk': [ '1.2.8' ],
36 silly audit   '@nolyfill/is-core-module': [ '1.0.39' ],
36 silly audit   '@opentelemetry/api': [ '1.9.1' ],
36 silly audit   '@opentelemetry/core': [ '2.7.1', '2.6.1' ],
36 silly audit   '@opentelemetry/instrumentation-amqplib': [ '0.61.0' ],
36 silly audit   '@opentelemetry/instrumentation-connect': [ '0.57.0' ],
36 silly audit   '@opentelemetry/instrumentation-dataloader': [ '0.31.0' ],
36 silly audit   '@opentelemetry/instrumentation-fs': [ '0.33.0' ],
36 silly audit   '@opentelemetry/instrumentation-generic-pool': [ '0.57.0' ],
36 silly audit   '@opentelemetry/instrumentation-graphql': [ '0.62.0' ],
36 silly audit   '@opentelemetry/instrumentation-hapi': [ '0.60.0' ],
36 silly audit   '@opentelemetry/instrumentation-http': [ '0.214.0' ],
36 silly audit   '@opentelemetry/instrumentation-kafkajs': [ '0.23.0' ],
36 silly audit   '@opentelemetry/instrumentation-knex': [ '0.58.0' ],
36 silly audit   '@opentelemetry/instrumentation-koa': [ '0.62.0' ],
36 silly audit   '@opentelemetry/instrumentation-lru-memoizer': [ '0.58.0' ],
36 silly audit   '@opentelemetry/instrumentation-mongodb': [ '0.67.0' ],
36 silly audit   '@opentelemetry/instrumentation-mongoose': [ '0.60.0' ],
36 silly audit   '@opentelemetry/instrumentation-mysql': [ '0.60.0' ],
36 silly audit   '@opentelemetry/instrumentation-mysql2': [ '0.60.0' ],
36 silly audit   '@opentelemetry/instrumentation-pg': [ '0.66.0' ],
36 silly audit   '@opentelemetry/instrumentation-tedious': [ '0.33.0' ],
36 silly audit   '@opentelemetry/resources': [ '2.7.1' ],
36 silly audit   '@opentelemetry/sdk-trace-base': [ '2.7.1' ],
36 silly audit   '@opentelemetry/semantic-conventions': [ '1.41.1' ],
36 silly audit   '@opentelemetry/sql-common': [ '0.41.2' ],
36 silly audit   '@panva/hkdf': [ '1.2.1' ],
36 silly audit   '@pkgjs/parseargs': [ '0.11.0' ],
36 silly audit   '@prisma/client': [ '5.22.0' ],
36 silly audit   '@prisma/debug': [ '5.22.0' ],
36 silly audit   '@prisma/engines': [ '5.22.0' ],
36 silly audit   '@prisma/engines-version': [ '5.22.0-44.605197351a3c8bdd595af2d2a9bc3025bca48ea2' ],
36 silly audit   '@prisma/fetch-engine': [ '5.22.0' ],
36 silly audit   '@prisma/get-platform': [ '5.22.0' ],
36 silly audit   '@prisma/instrumentation': [ '7.6.0' ],
36 silly audit   '@rollup/plugin-commonjs': [ '28.0.1' ],
36 silly audit   fdir: [ '6.5.0' ],
36 silly audit   picomatch: [ '4.0.4', '2.3.2' ],
36 silly audit   '@rollup/pluginutils': [ '5.3.0' ],
36 silly audit   '@rollup/rollup-android-arm-eabi': [ '4.60.4' ],
36 silly audit   '@rollup/rollup-android-arm64': [ '4.60.4' ],
36 silly audit   '@rollup/rollup-darwin-arm64': [ '4.60.4' ],
36 silly audit   '@rollup/rollup-darwin-x64': [ '4.60.4' ],
36 silly audit   '@rollup/rollup-freebsd-arm64': [ '4.60.4' ],
36 silly audit   '@rollup/rollup-freebsd-x64': [ '4.60.4' ],
36 silly audit   '@rollup/rollup-linux-arm-gnueabihf': [ '4.60.4' ],
36 silly audit   '@rollup/rollup-linux-arm-musleabihf': [ '4.60.4' ],
36 silly audit   '@rollup/rollup-linux-arm64-gnu': [ '4.60.4' ],
36 silly audit   '@rollup/rollup-linux-arm64-musl': [ '4.60.4' ],
36 silly audit   '@rollup/rollup-linux-loong64-gnu': [ '4.60.4' ],
36 silly audit   '@rollup/rollup-linux-loong64-musl': [ '4.60.4' ],
36 silly audit   '@rollup/rollup-linux-ppc64-gnu': [ '4.60.4' ],
36 silly audit   '@rollup/rollup-linux-ppc64-musl': [ '4.60.4' ],
36 silly audit   '@rollup/rollup-linux-riscv64-gnu': [ '4.60.4' ],
36 silly audit   '@rollup/rollup-linux-riscv64-musl': [ '4.60.4' ],
36 silly audit   '@rollup/rollup-linux-s390x-gnu': [ '4.60.4' ],
36 silly audit   '@rollup/rollup-linux-x64-gnu': [ '4.60.4' ],
36 silly audit   '@rollup/rollup-linux-x64-musl': [ '4.60.4' ],
36 silly audit   '@rollup/rollup-openbsd-x64': [ '4.60.4' ],
36 silly audit   '@rollup/rollup-openharmony-arm64': [ '4.60.4' ],
36 silly audit   '@rollup/rollup-win32-arm64-msvc': [ '4.60.4' ],
36 silly audit   '@rollup/rollup-win32-ia32-msvc': [ '4.60.4' ],
36 silly audit   '@rollup/rollup-win32-x64-gnu': [ '4.60.4' ],
36 silly audit   '@rollup/rollup-win32-x64-msvc': [ '4.60.4' ],
36 silly audit   '@rtsao/scc': [ '1.1.0' ],
36 silly audit   '@rushstack/eslint-patch': [ '1.16.1' ],
36 silly audit   '@sentry-internal/browser-utils': [ '10.53.1' ],
36 silly audit   '@sentry-internal/feedback': [ '10.53.1' ],
36 silly audit   '@sentry-internal/replay': [ '10.53.1' ],
36 silly audit   '@sentry-internal/replay-canvas': [ '10.53.1' ],
36 silly audit   '@sentry/babel-plugin-component-annotate': [ '5.3.0' ],
36 silly audit   '@sentry/browser': [ '10.53.1' ],
36 silly audit   '@sentry/bundler-plugin-core': [ '5.3.0' ],
36 silly audit   glob: [ '13.0.6', '10.3.10', '7.2.3' ],
36 silly audit   'path-scurry': [ '2.0.2', '1.11.1' ],
36 silly audit   '@sentry/cli': [ '2.58.5' ],
36 silly audit   '@sentry/cli-darwin': [ '2.58.5' ],
36 silly audit   '@sentry/cli-linux-arm': [ '2.58.5' ],
36 silly audit   '@sentry/cli-linux-arm64': [ '2.58.5' ],
36 silly audit   '@sentry/cli-linux-i686': [ '2.58.5' ],
36 silly audit   '@sentry/cli-linux-x64': [ '2.58.5' ],
36 silly audit   '@sentry/cli-win32-arm64': [ '2.58.5' ],
36 silly audit   '@sentry/cli-win32-i686': [ '2.58.5' ],
36 silly audit   '@sentry/cli-win32-x64': [ '2.58.5' ],
36 silly audit   'proxy-from-env': [ '1.1.0', '2.1.0' ],
36 silly audit   '@sentry/core': [ '10.53.1' ],
36 silly audit   '@sentry/nextjs': [ '10.53.1' ],
36 silly audit   '@sentry/node': [ '10.53.1' ],
36 silly audit   '@sentry/node-core': [ '10.53.1' ],
36 silly audit   '@sentry/opentelemetry': [ '10.53.1' ],
36 silly audit   '@sentry/react': [ '10.53.1' ],
36 silly audit   '@sentry/vercel-edge': [ '10.53.1' ],
36 silly audit   '@sentry/webpack-plugin': [ '5.3.0' ],
36 silly audit   '@swc/counter': [ '0.1.3' ],
36 silly audit   '@swc/helpers': [ '0.5.5' ],
36 silly audit   '@tybys/wasm-util': [ '0.10.2' ],
36 silly audit   '@types/bcryptjs': [ '2.4.6' ],
36 silly audit   '@types/connect': [ '3.4.38' ],
36 silly audit   '@types/eslint': [ '9.6.1' ],
36 silly audit   '@types/eslint-scope': [ '3.7.7' ],
36 silly audit   '@types/estree': [ '1.0.9', '1.0.8' ],
36 silly audit   '@types/json-schema': [ '7.0.15' ],
36 silly audit   '@types/json5': [ '0.0.29' ],
36 silly audit   '@types/mysql': [ '2.15.27' ],
36 silly audit   '@types/node': [ '20.19.41' ],
36 silly audit   '@types/pg': [ '8.15.6' ],
36 silly audit   '@types/pg-pool': [ '2.0.7' ],
36 silly audit   '@types/prop-types': [ '15.7.15' ],
36 silly audit   '@types/react': [ '18.3.28' ],
36 silly audit   '@types/react-dom': [ '18.3.7' ],
36 silly audit   '@types/tedious': [ '4.0.14' ],
36 silly audit   '@typescript-eslint/eslint-plugin': [ '8.59.3' ],
36 silly audit   ignore: [ '7.0.5', '5.3.2' ],
36 silly audit   '@typescript-eslint/parser': [ '8.59.3' ],
36 silly audit   '@typescript-eslint/project-service': [ '8.59.3' ],
36 silly audit   '@typescript-eslint/scope-manager': [ '8.59.3' ],
36 silly audit   '@typescript-eslint/tsconfig-utils': [ '8.59.3' ],
36 silly audit   '@typescript-eslint/type-utils': [ '8.59.3' ],
36 silly audit   '@typescript-eslint/types': [ '8.59.3' ],
36 silly audit   '@typescript-eslint/typescript-estree': [ '8.59.3' ],
36 silly audit   '@typescript-eslint/utils': [ '8.59.3' ],
36 silly audit   '@typescript-eslint/visitor-keys': [ '8.59.3' ],
36 silly audit   'eslint-visitor-keys': [ '5.0.1', '3.4.3' ],
36 silly audit   '@ungap/structured-clone': [ '1.3.1' ],
36 silly audit   '@unrs/resolver-binding-android-arm-eabi': [ '1.11.1' ],
36 silly audit   '@unrs/resolver-binding-android-arm64': [ '1.11.1' ],
36 silly audit   '@unrs/resolver-binding-darwin-arm64': [ '1.11.1' ],
36 silly audit   '@unrs/resolver-binding-darwin-x64': [ '1.11.1' ],
36 silly audit   '@unrs/resolver-binding-freebsd-x64': [ '1.11.1' ],
36 silly audit   '@unrs/resolver-binding-linux-arm-gnueabihf': [ '1.11.1' ],
36 silly audit   '@unrs/resolver-binding-linux-arm-musleabihf': [ '1.11.1' ],
36 silly audit   '@unrs/resolver-binding-linux-arm64-gnu': [ '1.11.1' ],
36 silly audit   '@unrs/resolver-binding-linux-arm64-musl': [ '1.11.1' ],
36 silly audit   '@unrs/resolver-binding-linux-ppc64-gnu': [ '1.11.1' ],
36 silly audit   '@unrs/resolver-binding-linux-riscv64-gnu': [ '1.11.1' ],
36 silly audit   '@unrs/resolver-binding-linux-riscv64-musl': [ '1.11.1' ],
36 silly audit   '@unrs/resolver-binding-linux-s390x-gnu': [ '1.11.1' ],
36 silly audit   '@unrs/resolver-binding-linux-x64-gnu': [ '1.11.1' ],
36 silly audit   '@unrs/resolver-binding-linux-x64-musl': [ '1.11.1' ],
36 silly audit   '@unrs/resolver-binding-wasm32-wasi': [ '1.11.1' ],
36 silly audit   '@unrs/resolver-binding-win32-arm64-msvc': [ '1.11.1' ],
36 silly audit   '@unrs/resolver-binding-win32-ia32-msvc': [ '1.11.1' ],
36 silly audit   '@unrs/resolver-binding-win32-x64-msvc': [ '1.11.1' ],
36 silly audit   '@upstash/core-analytics': [ '0.0.10' ],
36 silly audit   '@upstash/ratelimit': [ '2.0.8' ],
36 silly audit   '@upstash/redis': [ '1.38.0' ],
36 silly audit   '@webassemblyjs/ast': [ '1.14.1' ],
36 silly audit   '@webassemblyjs/floating-point-hex-parser': [ '1.13.2' ],
36 silly audit   '@webassemblyjs/helper-api-error': [ '1.13.2' ],
36 silly audit   '@webassemblyjs/helper-buffer': [ '1.14.1' ],
36 silly audit   '@webassemblyjs/helper-numbers': [ '1.13.2' ],
36 silly audit   '@webassemblyjs/helper-wasm-bytecode': [ '1.13.2' ],
36 silly audit   '@webassemblyjs/helper-wasm-section': [ '1.14.1' ],
36 silly audit   '@webassemblyjs/ieee754': [ '1.13.2' ],
36 silly audit   '@webassemblyjs/leb128': [ '1.13.2' ],
36 silly audit   '@webassemblyjs/utf8': [ '1.13.2' ],
36 silly audit   '@webassemblyjs/wasm-edit': [ '1.14.1' ],
36 silly audit   '@webassemblyjs/wasm-gen': [ '1.14.1' ],
36 silly audit   '@webassemblyjs/wasm-opt': [ '1.14.1' ],
36 silly audit   '@webassemblyjs/wasm-parser': [ '1.14.1' ],
36 silly audit   '@webassemblyjs/wast-printer': [ '1.14.1' ],
36 silly audit   '@xtuc/ieee754': [ '1.2.0' ],
36 silly audit   '@xtuc/long': [ '4.2.2' ],
36 silly audit   acorn: [ '8.16.0' ],
36 silly audit   'acorn-import-attributes': [ '1.9.5' ],
36 silly audit   'acorn-import-phases': [ '1.0.4' ],
36 silly audit   'acorn-jsx': [ '5.3.2' ],
36 silly audit   'agent-base': [ '6.0.2' ],
36 silly audit   ajv: [ '6.15.0', '8.20.0' ],
36 silly audit   'ajv-formats': [ '2.1.1' ],
36 silly audit   'json-schema-traverse': [ '1.0.0', '0.4.1' ],
36 silly audit   'ansi-styles': [ '4.3.0', '6.2.3' ],
36 silly audit   'any-promise': [ '1.3.0' ],
36 silly audit   anymatch: [ '3.1.3' ],
36 silly audit   arg: [ '5.0.2' ],
36 silly audit   argparse: [ '2.0.1' ],
36 silly audit   'aria-query': [ '5.3.2' ],
36 silly audit   'array-buffer-byte-length': [ '1.0.2' ],
36 silly audit   'array-includes': [ '3.1.9' ],
36 silly audit   'array.prototype.findlast': [ '1.2.5' ],
36 silly audit   'array.prototype.findlastindex': [ '1.2.6' ],
36 silly audit   'array.prototype.flat': [ '1.3.3' ],
36 silly audit   'array.prototype.flatmap': [ '1.3.3' ],
36 silly audit   'array.prototype.tosorted': [ '1.1.4' ],
36 silly audit   'arraybuffer.prototype.slice': [ '1.0.4' ],
36 silly audit   'ast-types-flow': [ '0.0.8' ],
36 silly audit   'async-function': [ '1.0.0' ],
36 silly audit   asynckit: [ '0.4.0' ],
36 silly audit   autoprefixer: [ '10.5.0' ],
36 silly audit   'available-typed-arrays': [ '1.0.7' ],
36 silly audit   'axe-core': [ '4.11.4' ],
36 silly audit   axios: [ '1.16.1' ],
36 silly audit   'axobject-query': [ '4.1.0' ],
36 silly audit   'base64-js': [ '1.5.1' ],
36 silly audit   'baseline-browser-mapping': [ '2.10.29' ],
36 silly audit   bcryptjs: [ '3.0.3' ],
36 silly audit   'binary-extensions': [ '2.3.0' ],
36 silly audit   braces: [ '3.0.3' ],
36 silly audit   browserslist: [ '4.28.2' ],
36 silly audit   buffer: [ '6.0.3' ],
36 silly audit   'buffer-from': [ '1.1.2' ],
36 silly audit   busboy: [ '1.6.0' ],
36 silly audit   'call-bind': [ '1.0.9' ],
36 silly audit   'call-bind-apply-helpers': [ '1.0.2' ],
36 silly audit   'call-bound': [ '1.0.4' ],
36 silly audit   callsites: [ '3.1.0' ],
36 silly audit   'camelcase-css': [ '2.0.1' ],
36 silly audit   'caniuse-lite': [ '1.0.30001792' ],
36 silly audit   chalk: [ '4.1.2' ],
36 silly audit   chokidar: [ '3.6.0' ],
36 silly audit   'glob-parent': [ '5.1.2', '6.0.2' ],
36 silly audit   'chrome-trace-event': [ '1.0.4' ],
36 silly audit   'cjs-module-lexer': [ '2.2.0' ],
36 silly audit   'client-only': [ '0.0.1' ],
36 silly audit   'cluster-key-slot': [ '1.1.2' ],
36 silly audit   'color-convert': [ '2.0.1' ],
36 silly audit   'color-name': [ '1.1.4' ],
36 silly audit   'combined-stream': [ '1.0.8' ],
36 silly audit   commander: [ '4.1.1', '2.20.3' ],
36 silly audit   commondir: [ '1.0.1' ],
36 silly audit   'concat-map': [ '0.0.1' ],
36 silly audit   'convert-source-map': [ '2.0.0' ],
36 silly audit   cookie: [ '0.7.2' ],
36 silly audit   'cross-spawn': [ '7.0.6' ],
36 silly audit   cssesc: [ '3.0.0' ],
36 silly audit   csstype: [ '3.2.3' ],
36 silly audit   'damerau-levenshtein': [ '1.0.8' ],
36 silly audit   'data-view-buffer': [ '1.0.2' ],
36 silly audit   'data-view-byte-length': [ '1.0.2' ],
36 silly audit   'data-view-byte-offset': [ '1.0.1' ],
36 silly audit   debug: [ '4.4.3', '3.2.7' ],
36 silly audit   'deep-is': [ '0.1.4' ],
36 silly audit   'define-data-property': [ '1.1.4' ],
36 silly audit   'define-properties': [ '1.2.1' ],
36 silly audit   'delayed-stream': [ '1.0.0' ],
36 silly audit   denque: [ '2.1.0' ],
36 silly audit   didyoumean: [ '1.2.2' ],
36 silly audit   dlv: [ '1.1.3' ],
36 silly audit   doctrine: [ '3.0.0', '2.1.0' ],
36 silly audit   dotenv: [ '16.6.1' ],
36 silly audit   'dunder-proto': [ '1.0.1' ],
36 silly audit   eastasianwidth: [ '0.2.0' ],
36 silly audit   'electron-to-chromium': [ '1.5.354' ],
36 silly audit   'emoji-regex': [ '9.2.2', '8.0.0' ],
36 silly audit   'enhanced-resolve': [ '5.21.3' ],
36 silly audit   'es-abstract': [ '1.24.2' ],
36 silly audit   'es-define-property': [ '1.0.1' ],
36 silly audit   'es-errors': [ '1.3.0' ],
36 silly audit   'es-iterator-helpers': [ '1.3.2' ],
36 silly audit   'es-module-lexer': [ '2.1.0' ],
36 silly audit   'es-object-atoms': [ '1.1.1' ],
36 silly audit   'es-set-tostringtag': [ '2.1.0' ],
36 silly audit   'es-shim-unscopables': [ '1.1.0' ],
36 silly audit   'es-to-primitive': [ '1.3.0' ],
36 silly audit   escalade: [ '3.2.0' ],
36 silly audit   'escape-string-regexp': [ '4.0.0' ],
36 silly audit   eslint: [ '8.57.1' ],
36 silly audit   'eslint-config-next': [ '14.2.18' ],
36 silly audit   'eslint-import-resolver-node': [ '0.3.10' ],
36 silly audit   'eslint-import-resolver-typescript': [ '3.10.1' ],
36 silly audit   'eslint-module-utils': [ '2.12.1' ],
36 silly audit   'eslint-plugin-import': [ '2.32.0' ],
36 silly audit   'eslint-plugin-jsx-a11y': [ '6.10.2' ],
36 silly audit   'eslint-plugin-react': [ '7.37.5' ],
36 silly audit   'eslint-plugin-react-hooks': [ '5.0.0-canary-7118f5dd7-20230705' ],
36 silly audit   'eslint-scope': [ '7.2.2', '5.1.1' ],
36 silly audit   espree: [ '9.6.1' ],
36 silly audit   esquery: [ '1.7.0' ],
36 silly audit   esrecurse: [ '4.3.0' ],
36 silly audit   estraverse: [ '5.3.0', '4.3.0' ],
36 silly audit   'estree-walker': [ '2.0.2' ],
36 silly audit   esutils: [ '2.0.3' ],
36 silly audit   events: [ '3.3.0' ],
36 silly audit   'fast-deep-equal': [ '3.1.3' ],
36 silly audit   'fast-glob': [ '3.3.3' ],
36 silly audit   'fast-json-stable-stringify': [ '2.1.0' ],
36 silly audit   'fast-levenshtein': [ '2.0.6' ],
36 silly audit   'fast-uri': [ '3.1.2' ],
36 silly audit   fastq: [ '1.20.1' ],
36 silly audit   'file-entry-cache': [ '6.0.1' ],
36 silly audit   'fill-range': [ '7.1.1' ],
36 silly audit   'find-up': [ '5.0.0' ],
36 silly audit   'flat-cache': [ '3.2.0' ],
36 silly audit   flatted: [ '3.4.2' ],
36 silly audit   'follow-redirects': [ '1.16.0' ],
36 silly audit   'for-each': [ '0.3.5' ],
36 silly audit   'foreground-child': [ '3.3.1' ],
36 silly audit   'form-data': [ '4.0.5' ],
36 silly audit   'forwarded-parse': [ '2.1.2' ],
36 silly audit   'fraction.js': [ '5.3.4' ],
36 silly audit   'fs.realpath': [ '1.0.0' ],
36 silly audit   fsevents: [ '2.3.3', '2.3.2' ],
36 silly audit   'function-bind': [ '1.1.2' ],
36 silly audit   'function.prototype.name': [ '1.1.8' ],
36 silly audit   'functions-have-names': [ '1.2.3' ],
36 silly audit   'generator-function': [ '2.0.1' ],
36 silly audit   gensync: [ '1.0.0-beta.2' ],
36 silly audit   'get-intrinsic': [ '1.3.0' ],
36 silly audit   'get-proto': [ '1.0.1' ],
36 silly audit   'get-symbol-description': [ '1.1.0' ],
36 silly audit   'get-tsconfig': [ '4.14.0' ],
36 silly audit   'glob-to-regexp': [ '0.4.1' ],
36 silly audit   globals: [ '13.24.0' ],
36 silly audit   globalthis: [ '1.0.4' ],
36 silly audit   gopd: [ '1.2.0' ],
36 silly audit   'graceful-fs': [ '4.2.11' ],
36 silly audit   graphemer: [ '1.4.0' ],
36 silly audit   'has-bigints': [ '1.1.0' ],
36 silly audit   'has-flag': [ '4.0.0' ],
36 silly audit   'has-property-descriptors': [ '1.0.2' ],
36 silly audit   'has-proto': [ '1.2.0' ],
36 silly audit   'has-symbols': [ '1.1.0' ],
36 silly audit   'has-tostringtag': [ '1.0.2' ],
36 silly audit   hasown: [ '2.0.3' ],
36 silly audit   'https-proxy-agent': [ '5.0.1' ],
36 silly audit   ieee754: [ '1.2.1' ],
36 silly audit   'import-fresh': [ '3.3.1' ],
36 silly audit   imurmurhash: [ '0.1.4' ],
36 silly audit   inflight: [ '1.0.6' ],
36 silly audit   inherits: [ '2.0.4' ],
36 silly audit   'internal-slot': [ '1.1.0' ],
36 silly audit   ioredis: [ '5.10.1' ],
36 silly audit   'is-array-buffer': [ '3.0.5' ],
36 silly audit   'is-async-function': [ '2.1.1' ],
36 silly audit   'is-bigint': [ '1.1.0' ],
36 silly audit   'is-binary-path': [ '2.1.0' ],
36 silly audit   'is-boolean-object': [ '1.2.2' ],
36 silly audit   'is-bun-module': [ '2.0.0' ],
36 silly audit   'is-callable': [ '1.2.7' ],
36 silly audit   'is-core-module': [ '2.16.2' ],
36 silly audit   'is-data-view': [ '1.0.2' ],
36 silly audit   'is-date-object': [ '1.1.0' ],
36 silly audit   'is-extglob': [ '2.1.1' ],
36 silly audit   'is-finalizationregistry': [ '1.1.1' ],
36 silly audit   'is-fullwidth-code-point': [ '3.0.0' ],
36 silly audit   'is-generator-function': [ '1.1.2' ],
36 silly audit   'is-glob': [ '4.0.3' ],
36 silly audit   'is-map': [ '2.0.3' ],
36 silly audit   'is-negative-zero': [ '2.0.3' ],
36 silly audit   'is-number': [ '7.0.0' ],
36 silly audit   'is-number-object': [ '1.1.1' ],
36 silly audit   'is-path-inside': [ '3.0.3' ],
36 silly audit   'is-reference': [ '1.2.1' ],
36 silly audit   'is-regex': [ '1.2.1' ],
36 silly audit   'is-set': [ '2.0.3' ],
36 silly audit   'is-shared-array-buffer': [ '1.0.4' ],
36 silly audit   'is-string': [ '1.1.1' ],
36 silly audit   'is-symbol': [ '1.1.1' ],
36 silly audit   'is-typed-array': [ '1.1.15' ],
36 silly audit   'is-weakmap': [ '2.0.2' ],
36 silly audit   'is-weakref': [ '1.1.1' ],
36 silly audit   'is-weakset': [ '2.0.4' ],
36 silly audit   isarray: [ '2.0.5' ],
36 silly audit   isexe: [ '2.0.0' ],
36 silly audit   'isomorphic-ws': [ '5.0.0' ],
36 silly audit   'iterator.prototype': [ '1.1.5' ],
36 silly audit   jackspeak: [ '2.3.6' ],
36 silly audit   'jest-worker': [ '27.5.1' ],
36 silly audit   'supports-color': [ '8.1.1', '7.2.0' ],
36 silly audit   jiti: [ '1.21.7' ],
36 silly audit   jose: [ '4.15.9' ],
36 silly audit   'js-tokens': [ '4.0.0' ],
36 silly audit   'js-yaml': [ '4.1.1' ],
36 silly audit   jsesc: [ '3.1.0' ],
36 silly audit   'json-buffer': [ '3.0.1' ],
36 silly audit   'json-stable-stringify-without-jsonify': [ '1.0.1' ],
36 silly audit   'jsx-ast-utils': [ '3.3.5' ],
36 silly audit   keyv: [ '4.5.4' ],
36 silly audit   'language-subtag-registry': [ '0.3.23' ],
36 silly audit   'language-tags': [ '1.0.9' ],
36 silly audit   levn: [ '0.4.1' ],
36 silly audit   lilconfig: [ '3.1.3' ],
36 silly audit   'lines-and-columns': [ '1.2.4' ],
36 silly audit   'loader-runner': [ '4.3.2' ],
36 silly audit   'locate-path': [ '6.0.0' ],
36 silly audit   'lodash.defaults': [ '4.2.0' ],
36 silly audit   'lodash.isarguments': [ '3.1.0' ],
36 silly audit   'lodash.merge': [ '4.6.2' ],
36 silly audit   'loose-envify': [ '1.4.0' ],
36 silly audit   'magic-string': [ '0.30.21' ],
36 silly audit   'math-intrinsics': [ '1.1.0' ],
36 silly audit   'merge-stream': [ '2.0.0' ],
36 silly audit   merge2: [ '1.4.1' ],
36 silly audit   micromatch: [ '4.0.8' ],
36 silly audit   'mime-db': [ '1.52.0', '1.54.0' ],
36 silly audit   'mime-types': [ '2.1.35' ],
36 silly audit   minimist: [ '1.2.8' ],
36 silly audit   minipass: [ '7.1.3' ],
36 silly audit   'module-details-from-path': [ '1.0.4' ],
36 silly audit   ms: [ '2.1.3' ],
36 silly audit   'msedge-tts': [ '2.0.5' ],
36 silly audit   mz: [ '2.7.0' ],
36 silly audit   nanoid: [ '3.3.12' ],
36 silly audit   'napi-postinstall': [ '0.3.4' ],
36 silly audit   'natural-compare': [ '1.4.0' ],
36 silly audit   'neo-async': [ '2.6.2' ],
36 silly audit   next: [ '14.2.18' ],
36 silly audit   'next-auth': [ '4.24.14' ],
36 silly audit   postcss: [ '8.4.31', '8.5.14' ],
36 silly audit   'node-exports-info': [ '1.6.0' ],
36 silly audit   'node-fetch': [ '2.7.0' ],
36 silly audit   'node-releases': [ '2.0.44' ],
36 silly audit   'normalize-path': [ '3.0.0' ],
36 silly audit   oauth: [ '0.9.15' ],
36 silly audit   'object-assign': [ '4.1.1' ],
36 silly audit   'object-hash': [ '2.2.0', '3.0.0' ],
36 silly audit   'object-inspect': [ '1.13.4' ],
36 silly audit   'object-keys': [ '1.1.1' ],
36 silly audit   'object.assign': [ '4.1.7' ],
36 silly audit   'object.entries': [ '1.1.9' ],
36 silly audit   'object.fromentries': [ '2.0.8' ],
36 silly audit   'object.groupby': [ '1.0.3' ],
36 silly audit   'object.values': [ '1.2.1' ],
36 silly audit   'oidc-token-hash': [ '5.2.0' ],
36 silly audit   once: [ '1.4.0' ],
36 silly audit   'openid-client': [ '5.7.1' ],
36 silly audit   optionator: [ '0.9.4' ],
36 silly audit   'own-keys': [ '1.0.1' ],
36 silly audit   'p-limit': [ '3.1.0' ],
36 silly audit   'p-locate': [ '5.0.0' ],
36 silly audit   'parent-module': [ '1.0.1' ],
36 silly audit   'path-exists': [ '4.0.0' ],
36 silly audit   'path-is-absolute': [ '1.0.1' ],
36 silly audit   'path-key': [ '3.1.1' ],
36 silly audit   'path-parse': [ '1.0.7' ],
36 silly audit   'pg-int8': [ '1.0.1' ],
36 silly audit   'pg-protocol': [ '1.13.0' ],
36 silly audit   'pg-types': [ '2.2.0' ],
36 silly audit   picocolors: [ '1.1.1' ],
36 silly audit   pify: [ '2.3.0' ],
36 silly audit   pirates: [ '4.0.7' ],
36 silly audit   'possible-typed-array-names': [ '1.1.0' ],
36 silly audit   'postcss-import': [ '15.1.0' ],
36 silly audit   resolve: [ '1.22.12', '2.0.0-next.6' ],
36 silly audit   'postcss-js': [ '4.1.0' ],
36 silly audit   'postcss-load-config': [ '6.0.1' ],
36 silly audit   'postcss-nested': [ '6.2.0' ],
36 silly audit   'postcss-selector-parser': [ '6.1.2' ],
36 silly audit   'postcss-value-parser': [ '4.2.0' ],
36 silly audit   'postgres-array': [ '2.0.0' ],
36 silly audit   'postgres-bytea': [ '1.0.1' ],
36 silly audit   'postgres-date': [ '1.0.7' ],
36 silly audit   'postgres-interval': [ '1.2.0' ],
36 silly audit   preact: [ '10.29.1' ],
36 silly audit   'preact-render-to-string': [ '5.2.6' ],
36 silly audit   'prelude-ls': [ '1.2.1' ],
36 silly audit   'pretty-format': [ '3.8.0' ],
36 silly audit   prisma: [ '5.22.0' ],
36 silly audit   progress: [ '2.0.3' ],
36 silly audit   'prop-types': [ '15.8.1' ],
36 silly audit   punycode: [ '2.3.1' ],
36 silly audit   'queue-microtask': [ '1.2.3' ],
36 silly audit   react: [ '18.3.1' ],
36 silly audit   'react-dom': [ '18.3.1' ],
36 silly audit   'react-is': [ '16.13.1' ],
36 silly audit   'read-cache': [ '1.0.0' ],
36 silly audit   'readable-stream': [ '3.6.2' ],
36 silly audit   readdirp: [ '3.6.0' ],
36 silly audit   'redis-errors': [ '1.2.0' ],
36 silly audit   'redis-parser': [ '3.0.0' ],
36 silly audit   'reflect.getprototypeof': [ '1.0.10' ],
36 silly audit   'regexp.prototype.flags': [ '1.5.4' ],
36 silly audit   'require-from-string': [ '2.0.2' ],
36 silly audit   'require-in-the-middle': [ '8.0.1' ],
36 silly audit   'resolve-from': [ '4.0.0' ],
36 silly audit   'resolve-pkg-maps': [ '1.0.0' ],
36 silly audit   reusify: [ '1.1.0' ],
36 silly audit   rimraf: [ '3.0.2' ],
36 silly audit   rollup: [ '4.60.4' ],
36 silly audit   'run-parallel': [ '1.2.0' ],
36 silly audit   'safe-array-concat': [ '1.1.4' ],
36 silly audit   'safe-buffer': [ '5.2.1' ],
36 silly audit   'safe-push-apply': [ '1.0.0' ],
36 silly audit   'safe-regex-test': [ '1.1.0' ],
36 silly audit   scheduler: [ '0.23.2' ],
36 silly audit   'schema-utils': [ '4.3.3' ],
36 silly audit   'ajv-keywords': [ '5.1.0' ],
36 silly audit   'set-function-length': [ '1.2.2' ],
36 silly audit   'set-function-name': [ '2.0.2' ],
36 silly audit   'set-proto': [ '1.0.0' ],
36 silly audit   'shebang-command': [ '2.0.0' ],
36 silly audit   'shebang-regex': [ '3.0.0' ],
36 silly audit   'side-channel': [ '1.1.0' ],
36 silly audit   'side-channel-list': [ '1.0.1' ],
36 silly audit   'side-channel-map': [ '1.0.1' ],
36 silly audit   'side-channel-weakmap': [ '1.0.2' ],
36 silly audit   'signal-exit': [ '4.1.0' ],
36 silly audit   'source-map': [ '0.6.1' ],
36 silly audit   'source-map-js': [ '1.2.1' ],
36 silly audit   'source-map-support': [ '0.5.21' ],
36 silly audit   'stable-hash': [ '0.0.5' ],
36 silly audit   'stacktrace-parser': [ '0.1.11' ],
36 silly audit   'type-fest': [ '0.7.1', '0.20.2' ],
36 silly audit   'standard-as-callback': [ '2.1.0' ],
36 silly audit   'stop-iteration-iterator': [ '1.1.0' ],
36 silly audit   'stream-browserify': [ '3.0.0' ],
36 silly audit   streamsearch: [ '1.1.0' ],
36 silly audit   string_decoder: [ '1.3.0' ],
36 silly audit   'string-width': [ '5.1.2', '4.2.3' ],
36 silly audit   'string.prototype.includes': [ '2.0.1' ],
36 silly audit   'string.prototype.matchall': [ '4.0.12' ],
36 silly audit   'string.prototype.repeat': [ '1.0.0' ],
36 silly audit   'string.prototype.trim': [ '1.2.10' ],
36 silly audit   'string.prototype.trimend': [ '1.0.9' ],
36 silly audit   'string.prototype.trimstart': [ '1.0.8' ],
36 silly audit   'strip-bom': [ '3.0.0' ],
36 silly audit   'strip-json-comments': [ '3.1.1' ],
36 silly audit   'styled-jsx': [ '5.1.1' ],
36 silly audit   sucrase: [ '3.35.1' ],
36 silly audit   'supports-preserve-symlinks-flag': [ '1.0.0' ],
36 silly audit   tailwindcss: [ '3.4.19' ],
36 silly audit   tapable: [ '2.3.3' ],
36 silly audit   terser: [ '5.47.1' ],
36 silly audit   'terser-webpack-plugin': [ '5.6.0' ],
36 silly audit   'text-table': [ '0.2.0' ],
36 silly audit   thenify: [ '3.3.1' ],
36 silly audit   'thenify-all': [ '1.6.0' ],
36 silly audit   tinyglobby: [ '0.2.16' ],
36 silly audit   'to-regex-range': [ '5.0.1' ],
36 silly audit   tr46: [ '0.0.3' ],
36 silly audit   'ts-api-utils': [ '2.5.0' ],
36 silly audit   'ts-interface-checker': [ '0.1.13' ],
36 silly audit   'tsconfig-paths': [ '3.15.0' ],
36 silly audit   tslib: [ '2.8.1' ],
36 silly audit   'type-check': [ '0.4.0' ],
36 silly audit   'typed-array-buffer': [ '1.0.3' ],
36 silly audit   'typed-array-byte-length': [ '1.0.3' ],
36 silly audit   'typed-array-byte-offset': [ '1.0.4' ],
36 silly audit   'typed-array-length': [ '1.0.7' ],
36 silly audit   typescript: [ '5.9.3' ],
36 silly audit   'unbox-primitive': [ '1.1.0' ],
36 silly audit   uncrypto: [ '0.1.3' ],
36 silly audit   'undici-types': [ '6.21.0' ],
36 silly audit   'unrs-resolver': [ '1.11.1' ],
36 silly audit   'update-browserslist-db': [ '1.2.3' ],
36 silly audit   'uri-js': [ '4.4.1' ],
36 silly audit   'util-deprecate': [ '1.0.2' ],
36 silly audit   uuid: [ '8.3.2' ],
36 silly audit   watchpack: [ '2.5.1' ],
36 silly audit   'webidl-conversions': [ '3.0.1' ],
36 silly audit   webpack: [ '5.106.2' ],
36 silly audit   'webpack-sources': [ '3.4.1' ],
36 silly audit   'whatwg-url': [ '5.0.0' ],
36 silly audit   which: [ '2.0.2' ],
36 silly audit   'which-boxed-primitive': [ '1.1.1' ],
36 silly audit   'which-builtin-type': [ '1.2.1' ],
36 silly audit   'which-collection': [ '1.0.2' ],
36 silly audit   'which-typed-array': [ '1.1.20' ],
36 silly audit   'word-wrap': [ '1.2.5' ],
36 silly audit   'wrap-ansi': [ '8.1.0', '7.0.0' ],
36 silly audit   wrappy: [ '1.0.2' ],
36 silly audit   ws: [ '8.20.1' ],
36 silly audit   xtend: [ '4.0.2' ],
36 silly audit   'yocto-queue': [ '0.1.0' ],
36 silly audit   '@playwright/test': [ '1.60.0' ],
36 silly audit   playwright: [ '1.60.0' ],
36 silly audit   'playwright-core': [ '1.60.0' ]
36 silly audit }
37 http cache @playwright/test@https://registry.npmmirror.com/@playwright/test/-/test-1.60.0.tgz 0ms (cache hit)
38 http cache playwright-core@https://registry.npmmirror.com/playwright-core/-/playwright-core-1.60.0.tgz 0ms (cache hit)
39 http cache playwright@https://registry.npmmirror.com/playwright/-/playwright-1.60.0.tgz 0ms (cache hit)
40 silly tarball no local data for @playwright/test@https://registry.npmmirror.com/@playwright/test/-/test-1.60.0.tgz. Extracting by manifest.
41 silly tarball no local data for playwright-core@https://registry.npmmirror.com/playwright-core/-/playwright-core-1.60.0.tgz. Extracting by manifest.
42 silly tarball no local data for playwright@https://registry.npmmirror.com/playwright/-/playwright-1.60.0.tgz. Extracting by manifest.
43 http fetch POST 404 https://registry.npmmirror.com/-/npm/v1/security/advisories/bulk 9ms
44 verbose audit error HttpErrorGeneral: 404 Not Found - POST https://registry.npmmirror.com/-/npm/v1/security/advisories/bulk - [NOT_IMPLEMENTED] /-/npm/v1/security/* not implemented yet
44 verbose audit error     at C:\Program Files\nodejs\node_modules\npm\node_modules\npm-registry-fetch\lib\check-response.js:103:15
44 verbose audit error     at process.processTicksAndRejections (node:internal/process/task_queues:104:5)
44 verbose audit error     at async #getReport (C:\Program Files\nodejs\node_modules\npm\node_modules\@npmcli\arborist\lib\audit-report.js:275:19)
44 verbose audit error     at async AuditReport.run (C:\Program Files\nodejs\node_modules\npm\node_modules\@npmcli\arborist\lib\audit-report.js:100:19) {
44 verbose audit error   headers: [Object: null prototype] {
44 verbose audit error     server: [ 'Tengine' ],
44 verbose audit error     date: [ 'Sat, 16 May 2026 15:32:46 GMT' ],
44 verbose audit error     'content-type': [ 'application/json' ],
44 verbose audit error     'transfer-encoding': [ 'chunked' ],
44 verbose audit error     connection: [ 'keep-alive' ],
44 verbose audit error     'strict-transport-security': [ 'max-age=5184000' ],
44 verbose audit error     via: [ 'kunlun15.cn5230[,404666]' ],
44 verbose audit error     'timing-allow-origin': [ '*' ],
44 verbose audit error     eagleid: [ '6f30472c17789455664673409e' ],
44 verbose audit error     'x-fetch-attempts': [ '1' ]
44 verbose audit error   },
44 verbose audit error   statusCode: 404,
44 verbose audit error   code: 'E404',
44 verbose audit error   method: 'POST',
44 verbose audit error   uri: 'https://registry.npmmirror.com/-/npm/v1/security/advisories/bulk',
44 verbose audit error   body: {
44 verbose audit error     error: '[NOT_IMPLEMENTED] /-/npm/v1/security/* not implemented yet'
44 verbose audit error   },
44 verbose audit error   pkgid: undefined
44 verbose audit error }
45 silly audit error [object Object]
46 silly audit report null
47 http fetch GET 200 https://cdn.npmmirror.com/packages/%40playwright/test/1.60.0/test-1.60.0.tgz 302ms (cache miss)
48 http fetch GET 200 https://cdn.npmmirror.com/packages/playwright-core/1.60.0/playwright-core-1.60.0.tgz 727ms (cache miss)
49 http fetch GET 200 https://cdn.npmmirror.com/packages/playwright/1.60.0/playwright-1.60.0.tgz 777ms (cache miss)
50 silly ADD node_modules/playwright-core
51 silly ADD node_modules/playwright
52 silly ADD node_modules/@playwright/test
53 verbose cwd C:\Users\wang\esponal
54 verbose os Windows_NT 10.0.26200
55 verbose node v24.14.0
56 verbose npm  v11.9.0
57 notice
57 notice New minor version of npm available! 11.9.0 -> 11.14.1
57 notice Changelog: https://github.com/npm/cli/releases/tag/v11.14.1
57 notice To update run: npm install -g npm@11.14.1
57 notice  { force: true, Symbol(proc-log.meta): true }
58 verbose exit 0
59 info ok
